{"C:\\Users\\bradb\\Documents\\Schoolwork\\CSE 183\\webApp\\frontend\\src\\components\\App.js": {"path":"C:\\Users\\bradb\\Documents\\Schoolwork\\CSE 183\\webApp\\frontend\\src\\components\\App.js","statementMap":{"0":{"start":{"line":22,"column":33},"end":{"line":22,"column":52}},"1":{"start":{"line":23,"column":28},"end":{"line":23,"column":47}},"2":{"start":{"line":24,"column":34},"end":{"line":24,"column":53}},"3":{"start":{"line":25,"column":32},"end":{"line":25,"column":44}},"4":{"start":{"line":26,"column":32},"end":{"line":26,"column":44}},"5":{"start":{"line":27,"column":32},"end":{"line":27,"column":44}},"6":{"start":{"line":29,"column":30},"end":{"line":29,"column":42}},"7":{"start":{"line":31,"column":18},"end":{"line":33,"column":4}},"8":{"start":{"line":31,"column":25},"end":{"line":33,"column":3}},"9":{"start":{"line":35,"column":38},"end":{"line":35,"column":55}},"10":{"start":{"line":36,"column":2},"end":{"line":44,"column":9}},"11":{"start":{"line":37,"column":25},"end":{"line":39,"column":5}},"12":{"start":{"line":38,"column":6},"end":{"line":38,"column":29}},"13":{"start":{"line":40,"column":4},"end":{"line":40,"column":52}},"14":{"start":{"line":41,"column":4},"end":{"line":43,"column":6}},"15":{"start":{"line":42,"column":6},"end":{"line":42,"column":57}},"16":{"start":{"line":46,"column":2},"end":{"line":85,"column":4}}},"fnMap":{"0":{"name":"App","decl":{"start":{"line":20,"column":9},"end":{"line":20,"column":12}},"loc":{"start":{"line":20,"column":15},"end":{"line":86,"column":1}},"line":20},"1":{"name":"(anonymous_1)","decl":{"start":{"line":31,"column":18},"end":{"line":31,"column":19}},"loc":{"start":{"line":31,"column":25},"end":{"line":33,"column":3}},"line":31},"2":{"name":"(anonymous_2)","decl":{"start":{"line":36,"column":12},"end":{"line":36,"column":13}},"loc":{"start":{"line":36,"column":18},"end":{"line":44,"column":3}},"line":36},"3":{"name":"(anonymous_3)","decl":{"start":{"line":37,"column":25},"end":{"line":37,"column":26}},"loc":{"start":{"line":37,"column":31},"end":{"line":39,"column":5}},"line":37},"4":{"name":"(anonymous_4)","decl":{"start":{"line":41,"column":11},"end":{"line":41,"column":12}},"loc":{"start":{"line":41,"column":17},"end":{"line":43,"column":5}},"line":41}},"branchMap":{"0":{"loc":{"start":{"line":56,"column":24},"end":{"line":56,"column":76}},"type":"cond-expr","locations":[{"start":{"line":56,"column":49},"end":{"line":56,"column":62}},{"start":{"line":56,"column":65},"end":{"line":56,"column":76}}],"line":56},"1":{"loc":{"start":{"line":57,"column":15},"end":{"line":57,"column":58}},"type":"cond-expr","locations":[{"start":{"line":57,"column":39},"end":{"line":57,"column":53}},{"start":{"line":57,"column":56},"end":{"line":57,"column":58}}],"line":57},"2":{"loc":{"start":{"line":59,"column":15},"end":{"line":59,"column":55}},"type":"cond-expr","locations":[{"start":{"line":59,"column":40},"end":{"line":59,"column":50}},{"start":{"line":59,"column":53},"end":{"line":59,"column":55}}],"line":59},"3":{"loc":{"start":{"line":61,"column":17},"end":{"line":61,"column":56}},"type":"cond-expr","locations":[{"start":{"line":61,"column":41},"end":{"line":61,"column":51}},{"start":{"line":61,"column":54},"end":{"line":61,"column":56}}],"line":61},"4":{"loc":{"start":{"line":62,"column":17},"end":{"line":62,"column":56}},"type":"cond-expr","locations":[{"start":{"line":62,"column":41},"end":{"line":62,"column":51}},{"start":{"line":62,"column":54},"end":{"line":62,"column":56}}],"line":62}},"s":{"0":0,"1":0,"2":0,"3":0,"4":0,"5":0,"6":0,"7":0,"8":0,"9":0,"10":0,"11":0,"12":0,"13":0,"14":0,"15":0,"16":0},"f":{"0":0,"1":0,"2":0,"3":0,"4":0},"b":{"0":[0,0],"1":[0,0],"2":[0,0],"3":[0,0],"4":[0,0]},"_coverageSchema":"1a1c01bbd47fc00a2c39e90264f33305004495a9","hash":"6b0071f3ae88f1f0cf64b81bb159a114fe1e0975"}
,"C:\\Users\\bradb\\Documents\\Schoolwork\\CSE 183\\webApp\\frontend\\src\\components\\BreadCrumbs.js": {"path":"C:\\Users\\bradb\\Documents\\Schoolwork\\CSE 183\\webApp\\frontend\\src\\components\\BreadCrumbs.js","statementMap":{"0":{"start":{"line":11,"column":33},"end":{"line":11,"column":60}},"1":{"start":{"line":12,"column":23},"end":{"line":12,"column":50}},"2":{"start":{"line":13,"column":28},"end":{"line":13,"column":55}},"3":{"start":{"line":14,"column":22},"end":{"line":14,"column":49}},"4":{"start":{"line":15,"column":22},"end":{"line":15,"column":49}},"5":{"start":{"line":16,"column":2},"end":{"line":52,"column":4}},"6":{"start":{"line":23,"column":16},"end":{"line":23,"column":39}},"7":{"start":{"line":24,"column":16},"end":{"line":24,"column":34}},"8":{"start":{"line":25,"column":16},"end":{"line":25,"column":37}},"9":{"start":{"line":26,"column":16},"end":{"line":26,"column":30}},"10":{"start":{"line":36,"column":14},"end":{"line":36,"column":32}},"11":{"start":{"line":37,"column":14},"end":{"line":37,"column":28}}},"fnMap":{"0":{"name":"CustomSeparator","decl":{"start":{"line":10,"column":24},"end":{"line":10,"column":39}},"loc":{"start":{"line":10,"column":42},"end":{"line":53,"column":1}},"line":10},"1":{"name":"(anonymous_1)","decl":{"start":{"line":22,"column":23},"end":{"line":22,"column":24}},"loc":{"start":{"line":22,"column":27},"end":{"line":27,"column":15}},"line":22},"2":{"name":"(anonymous_2)","decl":{"start":{"line":35,"column":21},"end":{"line":35,"column":22}},"loc":{"start":{"line":35,"column":25},"end":{"line":38,"column":13}},"line":35}},"branchMap":{"0":{"loc":{"start":{"line":20,"column":11},"end":{"line":30,"column":26}},"type":"cond-expr","locations":[{"start":{"line":21,"column":12},"end":{"line":30,"column":21}},{"start":{"line":30,"column":24},"end":{"line":30,"column":26}}],"line":20},"1":{"loc":{"start":{"line":20,"column":11},"end":{"line":20,"column":58}},"type":"binary-expr","locations":[{"start":{"line":20,"column":11},"end":{"line":20,"column":32}},{"start":{"line":20,"column":36},"end":{"line":20,"column":58}}],"line":20},"2":{"loc":{"start":{"line":31,"column":11},"end":{"line":41,"column":24}},"type":"cond-expr","locations":[{"start":{"line":31,"column":34},"end":{"line":41,"column":19}},{"start":{"line":41,"column":22},"end":{"line":41,"column":24}}],"line":31},"3":{"loc":{"start":{"line":42,"column":11},"end":{"line":48,"column":24}},"type":"cond-expr","locations":[{"start":{"line":42,"column":34},"end":{"line":48,"column":19}},{"start":{"line":48,"column":22},"end":{"line":48,"column":24}}],"line":42}},"s":{"0":0,"1":0,"2":0,"3":0,"4":0,"5":0,"6":0,"7":0,"8":0,"9":0,"10":0,"11":0},"f":{"0":0,"1":0,"2":0},"b":{"0":[0,0],"1":[0,0],"2":[0,0],"3":[0,0]},"_coverageSchema":"1a1c01bbd47fc00a2c39e90264f33305004495a9","hash":"abd4b4424be28e8718ee187067303268b383853f"}
,"C:\\Users\\bradb\\Documents\\Schoolwork\\CSE 183\\webApp\\frontend\\src\\components\\Category.js": {"path":"C:\\Users\\bradb\\Documents\\Schoolwork\\CSE 183\\webApp\\frontend\\src\\components\\Category.js","statementMap":{"0":{"start":{"line":18,"column":22},"end":{"line":42,"column":1}},"1":{"start":{"line":19,"column":2},"end":{"line":41,"column":1}},"2":{"start":{"line":20,"column":2},"end":{"line":20,"column":43}},"3":{"start":{"line":22,"column":2},"end":{"line":40,"column":7}},"4":{"start":{"line":29,"column":6},"end":{"line":29,"column":54}},"5":{"start":{"line":30,"column":6},"end":{"line":30,"column":28}},"6":{"start":{"line":31,"column":6},"end":{"line":33,"column":7}},"7":{"start":{"line":32,"column":8},"end":{"line":32,"column":23}},"8":{"start":{"line":34,"column":6},"end":{"line":34,"column":29}},"9":{"start":{"line":37,"column":6},"end":{"line":37,"column":23}},"10":{"start":{"line":38,"column":6},"end":{"line":38,"column":25}},"11":{"start":{"line":39,"column":6},"end":{"line":39,"column":24}},"12":{"start":{"line":43,"column":17},"end":{"line":65,"column":1}},"13":{"start":{"line":44,"column":2},"end":{"line":64,"column":1}},"14":{"start":{"line":45,"column":2},"end":{"line":45,"column":38}},"15":{"start":{"line":47,"column":4},"end":{"line":63,"column":9}},"16":{"start":{"line":54,"column":8},"end":{"line":54,"column":51}},"17":{"start":{"line":55,"column":8},"end":{"line":55,"column":30}},"18":{"start":{"line":56,"column":8},"end":{"line":58,"column":9}},"19":{"start":{"line":57,"column":10},"end":{"line":57,"column":25}},"20":{"start":{"line":59,"column":8},"end":{"line":59,"column":31}},"21":{"start":{"line":62,"column":8},"end":{"line":62,"column":25}},"22":{"start":{"line":70,"column":22},"end":{"line":70,"column":49}},"23":{"start":{"line":71,"column":22},"end":{"line":71,"column":49}},"24":{"start":{"line":73,"column":33},"end":{"line":73,"column":60}},"25":{"start":{"line":75,"column":19},"end":{"line":75,"column":46}},"26":{"start":{"line":77,"column":32},"end":{"line":77,"column":59}},"27":{"start":{"line":79,"column":32},"end":{"line":79,"column":59}},"28":{"start":{"line":81,"column":23},"end":{"line":81,"column":50}},"29":{"start":{"line":83,"column":26},"end":{"line":83,"column":47}},"30":{"start":{"line":85,"column":26},"end":{"line":87,"column":3}},"31":{"start":{"line":86,"column":6},"end":{"line":86,"column":20}},"32":{"start":{"line":88,"column":22},"end":{"line":90,"column":3}},"33":{"start":{"line":89,"column":4},"end":{"line":89,"column":19}},"34":{"start":{"line":91,"column":2},"end":{"line":93,"column":19}},"35":{"start":{"line":92,"column":4},"end":{"line":92,"column":39}},"36":{"start":{"line":94,"column":2},"end":{"line":96,"column":28}},"37":{"start":{"line":95,"column":4},"end":{"line":95,"column":34}},"38":{"start":{"line":97,"column":24},"end":{"line":99,"column":3}},"39":{"start":{"line":98,"column":4},"end":{"line":98,"column":25}},"40":{"start":{"line":100,"column":2},"end":{"line":162,"column":4}},"41":{"start":{"line":107,"column":16},"end":{"line":116,"column":18}},"42":{"start":{"line":113,"column":20},"end":{"line":113,"column":38}},"43":{"start":{"line":114,"column":20},"end":{"line":114,"column":34}},"44":{"start":{"line":124,"column":29},"end":{"line":124,"column":44}},"45":{"start":{"line":142,"column":22},"end":{"line":154,"column":33}},"46":{"start":{"line":146,"column":26},"end":{"line":146,"column":49}},"47":{"start":{"line":147,"column":26},"end":{"line":147,"column":44}},"48":{"start":{"line":148,"column":26},"end":{"line":148,"column":40}},"49":{"start":{"line":149,"column":26},"end":{"line":149,"column":47}},"50":{"start":{"line":150,"column":26},"end":{"line":150,"column":40}}},"fnMap":{"0":{"name":"(anonymous_0)","decl":{"start":{"line":18,"column":22},"end":{"line":18,"column":23}},"loc":{"start":{"line":18,"column":47},"end":{"line":42,"column":1}},"line":18},"1":{"name":"(anonymous_1)","decl":{"start":{"line":28,"column":10},"end":{"line":28,"column":11}},"loc":{"start":{"line":28,"column":24},"end":{"line":35,"column":5}},"line":28},"2":{"name":"(anonymous_2)","decl":{"start":{"line":36,"column":10},"end":{"line":36,"column":11}},"loc":{"start":{"line":36,"column":20},"end":{"line":40,"column":5}},"line":36},"3":{"name":"(anonymous_3)","decl":{"start":{"line":43,"column":17},"end":{"line":43,"column":18}},"loc":{"start":{"line":43,"column":42},"end":{"line":65,"column":1}},"line":43},"4":{"name":"(anonymous_4)","decl":{"start":{"line":53,"column":12},"end":{"line":53,"column":13}},"loc":{"start":{"line":53,"column":26},"end":{"line":60,"column":7}},"line":53},"5":{"name":"(anonymous_5)","decl":{"start":{"line":61,"column":12},"end":{"line":61,"column":13}},"loc":{"start":{"line":61,"column":22},"end":{"line":63,"column":7}},"line":61},"6":{"name":"Category","decl":{"start":{"line":69,"column":9},"end":{"line":69,"column":17}},"loc":{"start":{"line":69,"column":20},"end":{"line":163,"column":1}},"line":69},"7":{"name":"(anonymous_7)","decl":{"start":{"line":85,"column":26},"end":{"line":85,"column":27}},"loc":{"start":{"line":85,"column":32},"end":{"line":87,"column":3}},"line":85},"8":{"name":"(anonymous_8)","decl":{"start":{"line":88,"column":22},"end":{"line":88,"column":23}},"loc":{"start":{"line":88,"column":28},"end":{"line":90,"column":3}},"line":88},"9":{"name":"(anonymous_9)","decl":{"start":{"line":91,"column":18},"end":{"line":91,"column":19}},"loc":{"start":{"line":91,"column":24},"end":{"line":93,"column":3}},"line":91},"10":{"name":"(anonymous_10)","decl":{"start":{"line":94,"column":18},"end":{"line":94,"column":19}},"loc":{"start":{"line":94,"column":24},"end":{"line":96,"column":3}},"line":94},"11":{"name":"(anonymous_11)","decl":{"start":{"line":97,"column":24},"end":{"line":97,"column":25}},"loc":{"start":{"line":97,"column":30},"end":{"line":99,"column":3}},"line":97},"12":{"name":"(anonymous_12)","decl":{"start":{"line":106,"column":27},"end":{"line":106,"column":28}},"loc":{"start":{"line":107,"column":16},"end":{"line":116,"column":18}},"line":107},"13":{"name":"(anonymous_13)","decl":{"start":{"line":112,"column":27},"end":{"line":112,"column":28}},"loc":{"start":{"line":112,"column":31},"end":{"line":115,"column":19}},"line":112},"14":{"name":"(anonymous_14)","decl":{"start":{"line":124,"column":25},"end":{"line":124,"column":26}},"loc":{"start":{"line":124,"column":29},"end":{"line":124,"column":44}},"line":124},"15":{"name":"(anonymous_15)","decl":{"start":{"line":141,"column":33},"end":{"line":141,"column":34}},"loc":{"start":{"line":142,"column":22},"end":{"line":154,"column":33}},"line":142},"16":{"name":"(anonymous_16)","decl":{"start":{"line":145,"column":33},"end":{"line":145,"column":34}},"loc":{"start":{"line":145,"column":37},"end":{"line":151,"column":25}},"line":145}},"branchMap":{"0":{"loc":{"start":{"line":19,"column":2},"end":{"line":41,"column":1}},"type":"if","locations":[{"start":{"line":19,"column":2},"end":{"line":41,"column":1}},{"start":{},"end":{}}],"line":19},"1":{"loc":{"start":{"line":31,"column":6},"end":{"line":33,"column":7}},"type":"if","locations":[{"start":{"line":31,"column":6},"end":{"line":33,"column":7}},{"start":{},"end":{}}],"line":31},"2":{"loc":{"start":{"line":44,"column":2},"end":{"line":64,"column":1}},"type":"if","locations":[{"start":{"line":44,"column":2},"end":{"line":64,"column":1}},{"start":{},"end":{}}],"line":44},"3":{"loc":{"start":{"line":56,"column":8},"end":{"line":58,"column":9}},"type":"if","locations":[{"start":{"line":56,"column":8},"end":{"line":58,"column":9}},{"start":{},"end":{}}],"line":56},"4":{"loc":{"start":{"line":104,"column":11},"end":{"line":157,"column":18}},"type":"cond-expr","locations":[{"start":{"line":105,"column":12},"end":{"line":118,"column":18}},{"start":{"line":119,"column":12},"end":{"line":157,"column":18}}],"line":104},"5":{"loc":{"start":{"line":120,"column":21},"end":{"line":120,"column":67}},"type":"cond-expr","locations":[{"start":{"line":120,"column":45},"end":{"line":120,"column":62}},{"start":{"line":120,"column":65},"end":{"line":120,"column":67}}],"line":120},"6":{"loc":{"start":{"line":129,"column":15},"end":{"line":156,"column":30}},"type":"cond-expr","locations":[{"start":{"line":130,"column":16},"end":{"line":156,"column":25}},{"start":{"line":156,"column":28},"end":{"line":156,"column":30}}],"line":129}},"s":{"0":5,"1":0,"2":0,"3":0,"4":0,"5":0,"6":0,"7":0,"8":0,"9":0,"10":0,"11":0,"12":5,"13":0,"14":0,"15":0,"16":0,"17":0,"18":0,"19":0,"20":0,"21":0,"22":0,"23":0,"24":0,"25":0,"26":0,"27":0,"28":0,"29":0,"30":0,"31":0,"32":0,"33":0,"34":0,"35":0,"36":0,"37":0,"38":0,"39":0,"40":0,"41":0,"42":0,"43":0,"44":0,"45":0,"46":0,"47":0,"48":0,"49":0,"50":0},"f":{"0":0,"1":0,"2":0,"3":0,"4":0,"5":0,"6":0,"7":0,"8":0,"9":0,"10":0,"11":0,"12":0,"13":0,"14":0,"15":0,"16":0},"b":{"0":[0,0],"1":[0,0],"2":[0,0],"3":[0,0],"4":[0,0],"5":[0,0],"6":[0,0]},"_coverageSchema":"1a1c01bbd47fc00a2c39e90264f33305004495a9","hash":"c83ae9d48e31e1844b4f6f2115ee1d06eb33a7ea"}
,"C:\\Users\\bradb\\Documents\\Schoolwork\\CSE 183\\webApp\\frontend\\src\\components\\CategoryContext.js": {"path":"C:\\Users\\bradb\\Documents\\Schoolwork\\CSE 183\\webApp\\frontend\\src\\components\\CategoryContext.js","statementMap":{"0":{"start":{"line":3,"column":24},"end":{"line":3,"column":45}}},"fnMap":{},"branchMap":{},"s":{"0":6},"f":{},"b":{},"_coverageSchema":"1a1c01bbd47fc00a2c39e90264f33305004495a9","hash":"39725fe91e5759fa9922d397159f49e7d19b99c5"}
,"C:\\Users\\bradb\\Documents\\Schoolwork\\CSE 183\\webApp\\frontend\\src\\components\\CreateListing.js": {"path":"C:\\Users\\bradb\\Documents\\Schoolwork\\CSE 183\\webApp\\frontend\\src\\components\\CreateListing.js","statementMap":{"0":{"start":{"line":25,"column":18},"end":{"line":25,"column":30}},"1":{"start":{"line":26,"column":35},"end":{"line":26,"column":60}},"2":{"start":{"line":158,"column":28},"end":{"line":186,"column":3}},"3":{"start":{"line":159,"column":26},"end":{"line":159,"column":38}},"4":{"start":{"line":162,"column":27},"end":{"line":162,"column":37}},"5":{"start":{"line":163,"column":4},"end":{"line":178,"column":5}},"6":{"start":{"line":167,"column":6},"end":{"line":167,"column":42}},"7":{"start":{"line":168,"column":11},"end":{"line":178,"column":5}},"8":{"start":{"line":169,"column":21},"end":{"line":169,"column":38}},"9":{"start":{"line":170,"column":6},"end":{"line":170,"column":26}},"10":{"start":{"line":171,"column":21},"end":{"line":171,"column":23}},"11":{"start":{"line":172,"column":6},"end":{"line":174,"column":7}},"12":{"start":{"line":172,"column":19},"end":{"line":172,"column":20}},"13":{"start":{"line":173,"column":8},"end":{"line":173,"column":41}},"14":{"start":{"line":175,"column":6},"end":{"line":175,"column":43}},"15":{"start":{"line":177,"column":6},"end":{"line":177,"column":31}},"16":{"start":{"line":179,"column":4},"end":{"line":179,"column":31}},"17":{"start":{"line":226,"column":22},"end":{"line":235,"column":3}},"18":{"start":{"line":227,"column":4},"end":{"line":227,"column":28}},"19":{"start":{"line":228,"column":4},"end":{"line":234,"column":7}},"20":{"start":{"line":237,"column":2},"end":{"line":396,"column":4}},"21":{"start":{"line":243,"column":23},"end":{"line":243,"column":40}},"22":{"start":{"line":365,"column":25},"end":{"line":365,"column":38}}},"fnMap":{"0":{"name":"CreateListing","decl":{"start":{"line":24,"column":9},"end":{"line":24,"column":22}},"loc":{"start":{"line":24,"column":25},"end":{"line":397,"column":1}},"line":24},"1":{"name":"(anonymous_1)","decl":{"start":{"line":158,"column":28},"end":{"line":158,"column":29}},"loc":{"start":{"line":158,"column":39},"end":{"line":186,"column":3}},"line":158},"2":{"name":"(anonymous_2)","decl":{"start":{"line":226,"column":22},"end":{"line":226,"column":23}},"loc":{"start":{"line":226,"column":28},"end":{"line":235,"column":3}},"line":226},"3":{"name":"(anonymous_3)","decl":{"start":{"line":243,"column":19},"end":{"line":243,"column":20}},"loc":{"start":{"line":243,"column":23},"end":{"line":243,"column":40}},"line":243},"4":{"name":"(anonymous_4)","decl":{"start":{"line":365,"column":19},"end":{"line":365,"column":20}},"loc":{"start":{"line":365,"column":25},"end":{"line":365,"column":38}},"line":365}},"branchMap":{"0":{"loc":{"start":{"line":163,"column":4},"end":{"line":178,"column":5}},"type":"if","locations":[{"start":{"line":163,"column":4},"end":{"line":178,"column":5}},{"start":{"line":168,"column":11},"end":{"line":178,"column":5}}],"line":163},"1":{"loc":{"start":{"line":163,"column":8},"end":{"line":166,"column":22}},"type":"binary-expr","locations":[{"start":{"line":163,"column":8},"end":{"line":163,"column":24}},{"start":{"line":164,"column":6},"end":{"line":164,"column":24}},{"start":{"line":165,"column":6},"end":{"line":165,"column":24}},{"start":{"line":166,"column":6},"end":{"line":166,"column":22}}],"line":163},"2":{"loc":{"start":{"line":168,"column":11},"end":{"line":178,"column":5}},"type":"if","locations":[{"start":{"line":168,"column":11},"end":{"line":178,"column":5}},{"start":{"line":176,"column":11},"end":{"line":178,"column":5}}],"line":168}},"s":{"0":0,"1":0,"2":0,"3":0,"4":0,"5":0,"6":0,"7":0,"8":0,"9":0,"10":0,"11":0,"12":0,"13":0,"14":0,"15":0,"16":0,"17":0,"18":0,"19":0,"20":0,"21":0,"22":0},"f":{"0":0,"1":0,"2":0,"3":0,"4":0},"b":{"0":[0,0],"1":[0,0,0,0],"2":[0,0]},"_coverageSchema":"1a1c01bbd47fc00a2c39e90264f33305004495a9","hash":"997303aa0bbd1ecaf78e02890c1af3bce2687c53"}
,"C:\\Users\\bradb\\Documents\\Schoolwork\\CSE 183\\webApp\\frontend\\src\\components\\CreateListingContext.js": {"path":"C:\\Users\\bradb\\Documents\\Schoolwork\\CSE 183\\webApp\\frontend\\src\\components\\CreateListingContext.js","statementMap":{"0":{"start":{"line":3,"column":29},"end":{"line":3,"column":50}}},"fnMap":{},"branchMap":{},"s":{"0":0},"f":{},"b":{}}
,"C:\\Users\\bradb\\Documents\\Schoolwork\\CSE 183\\webApp\\frontend\\src\\components\\Drawer.js": {"path":"C:\\Users\\bradb\\Documents\\Schoolwork\\CSE 183\\webApp\\frontend\\src\\components\\Drawer.js","statementMap":{"0":{"start":{"line":16,"column":20},"end":{"line":16,"column":23}},"1":{"start":{"line":21,"column":33},"end":{"line":21,"column":60}},"2":{"start":{"line":22,"column":19},"end":{"line":22,"column":46}},"3":{"start":{"line":23,"column":20},"end":{"line":23,"column":47}},"4":{"start":{"line":24,"column":20},"end":{"line":24,"column":47}},"5":{"start":{"line":25,"column":22},"end":{"line":25,"column":49}},"6":{"start":{"line":26,"column":30},"end":{"line":26,"column":57}},"7":{"start":{"line":27,"column":2},"end":{"line":27,"column":23}},"8":{"start":{"line":28,"column":2},"end":{"line":92,"column":4}},"9":{"start":{"line":76,"column":12},"end":{"line":87,"column":23}},"10":{"start":{"line":80,"column":16},"end":{"line":80,"column":39}},"11":{"start":{"line":81,"column":16},"end":{"line":81,"column":34}},"12":{"start":{"line":82,"column":16},"end":{"line":82,"column":37}},"13":{"start":{"line":83,"column":16},"end":{"line":83,"column":30}}},"fnMap":{"0":{"name":"PermanentDrawerLeft","decl":{"start":{"line":20,"column":24},"end":{"line":20,"column":43}},"loc":{"start":{"line":20,"column":46},"end":{"line":93,"column":1}},"line":20},"1":{"name":"(anonymous_1)","decl":{"start":{"line":75,"column":23},"end":{"line":75,"column":24}},"loc":{"start":{"line":76,"column":12},"end":{"line":87,"column":23}},"line":76},"2":{"name":"(anonymous_2)","decl":{"start":{"line":79,"column":23},"end":{"line":79,"column":24}},"loc":{"start":{"line":79,"column":27},"end":{"line":84,"column":15}},"line":79}},"branchMap":{"0":{"loc":{"start":{"line":46,"column":11},"end":{"line":52,"column":25}},"type":"cond-expr","locations":[{"start":{"line":47,"column":12},"end":{"line":49,"column":25}},{"start":{"line":50,"column":14},"end":{"line":52,"column":25}}],"line":46},"1":{"loc":{"start":{"line":53,"column":11},"end":{"line":56,"column":30}},"type":"cond-expr","locations":[{"start":{"line":54,"column":12},"end":{"line":56,"column":25}},{"start":{"line":56,"column":28},"end":{"line":56,"column":30}}],"line":53},"2":{"loc":{"start":{"line":61,"column":11},"end":{"line":61,"column":36}},"type":"cond-expr","locations":[{"start":{"line":61,"column":20},"end":{"line":61,"column":31}},{"start":{"line":61,"column":34},"end":{"line":61,"column":36}}],"line":61},"3":{"loc":{"start":{"line":62,"column":11},"end":{"line":65,"column":30}},"type":"cond-expr","locations":[{"start":{"line":63,"column":12},"end":{"line":65,"column":25}},{"start":{"line":65,"column":28},"end":{"line":65,"column":30}}],"line":62}},"s":{"0":5,"1":0,"2":0,"3":0,"4":0,"5":0,"6":0,"7":0,"8":0,"9":0,"10":0,"11":0,"12":0,"13":0},"f":{"0":0,"1":0,"2":0},"b":{"0":[0,0],"1":[0,0],"2":[0,0],"3":[0,0]},"_coverageSchema":"1a1c01bbd47fc00a2c39e90264f33305004495a9","hash":"18e7d076f51efaf24fcd73df96d86e4bb6a9cbeb"}
,"C:\\Users\\bradb\\Documents\\Schoolwork\\CSE 183\\webApp\\frontend\\src\\components\\Dummy.js": {"path":"C:\\Users\\bradb\\Documents\\Schoolwork\\CSE 183\\webApp\\frontend\\src\\components\\Dummy.js","statementMap":{"0":{"start":{"line":10,"column":2},"end":{"line":22,"column":7}},"1":{"start":{"line":12,"column":6},"end":{"line":14,"column":7}},"2":{"start":{"line":13,"column":8},"end":{"line":13,"column":23}},"3":{"start":{"line":15,"column":6},"end":{"line":15,"column":29}},"4":{"start":{"line":18,"column":6},"end":{"line":18,"column":29}},"5":{"start":{"line":21,"column":6},"end":{"line":21,"column":45}},"6":{"start":{"line":31,"column":28},"end":{"line":31,"column":63}},"7":{"start":{"line":32,"column":2},"end":{"line":51,"column":4}},"8":{"start":{"line":39,"column":10},"end":{"line":39,"column":29}}},"fnMap":{"0":{"name":"getDummy","decl":{"start":{"line":8,"column":9},"end":{"line":8,"column":17}},"loc":{"start":{"line":8,"column":28},"end":{"line":23,"column":1}},"line":8},"1":{"name":"(anonymous_1)","decl":{"start":{"line":11,"column":10},"end":{"line":11,"column":11}},"loc":{"start":{"line":11,"column":24},"end":{"line":16,"column":5}},"line":11},"2":{"name":"(anonymous_2)","decl":{"start":{"line":17,"column":10},"end":{"line":17,"column":11}},"loc":{"start":{"line":17,"column":20},"end":{"line":19,"column":5}},"line":17},"3":{"name":"(anonymous_3)","decl":{"start":{"line":20,"column":11},"end":{"line":20,"column":12}},"loc":{"start":{"line":20,"column":22},"end":{"line":22,"column":5}},"line":20},"4":{"name":"Dummy","decl":{"start":{"line":30,"column":9},"end":{"line":30,"column":14}},"loc":{"start":{"line":30,"column":17},"end":{"line":52,"column":1}},"line":30},"5":{"name":"(anonymous_5)","decl":{"start":{"line":38,"column":17},"end":{"line":38,"column":18}},"loc":{"start":{"line":38,"column":28},"end":{"line":40,"column":9}},"line":38}},"branchMap":{"0":{"loc":{"start":{"line":12,"column":6},"end":{"line":14,"column":7}},"type":"if","locations":[{"start":{"line":12,"column":6},"end":{"line":14,"column":7}},{"start":{},"end":{}}],"line":12}},"s":{"0":0,"1":0,"2":0,"3":0,"4":0,"5":0,"6":0,"7":0,"8":0},"f":{"0":0,"1":0,"2":0,"3":0,"4":0,"5":0},"b":{"0":[0,0]}}
,"C:\\Users\\bradb\\Documents\\Schoolwork\\CSE 183\\webApp\\frontend\\src\\components\\Filter.js": {"path":"C:\\Users\\bradb\\Documents\\Schoolwork\\CSE 183\\webApp\\frontend\\src\\components\\Filter.js","statementMap":{"0":{"start":{"line":20,"column":20},"end":{"line":39,"column":1}},"1":{"start":{"line":21,"column":2},"end":{"line":38,"column":3}},"2":{"start":{"line":23,"column":4},"end":{"line":37,"column":9}},"3":{"start":{"line":30,"column":8},"end":{"line":32,"column":9}},"4":{"start":{"line":31,"column":10},"end":{"line":31,"column":25}},"5":{"start":{"line":33,"column":8},"end":{"line":33,"column":31}},"6":{"start":{"line":36,"column":8},"end":{"line":36,"column":25}},"7":{"start":{"line":44,"column":20},"end":{"line":44,"column":47}},"8":{"start":{"line":45,"column":23},"end":{"line":45,"column":50}},"9":{"start":{"line":46,"column":22},"end":{"line":46,"column":49}},"10":{"start":{"line":48,"column":22},"end":{"line":48,"column":49}},"11":{"start":{"line":50,"column":32},"end":{"line":50,"column":59}},"12":{"start":{"line":51,"column":26},"end":{"line":51,"column":41}},"13":{"start":{"line":52,"column":15},"end":{"line":52,"column":17}},"14":{"start":{"line":53,"column":19},"end":{"line":53,"column":21}},"15":{"start":{"line":54,"column":2},"end":{"line":61,"column":3}},"16":{"start":{"line":55,"column":4},"end":{"line":59,"column":5}},"17":{"start":{"line":56,"column":6},"end":{"line":58,"column":7}},"18":{"start":{"line":57,"column":8},"end":{"line":57,"column":51}},"19":{"start":{"line":60,"column":4},"end":{"line":60,"column":34}},"20":{"start":{"line":62,"column":2},"end":{"line":62,"column":20}},"21":{"start":{"line":63,"column":26},"end":{"line":65,"column":3}},"22":{"start":{"line":64,"column":6},"end":{"line":64,"column":20}},"23":{"start":{"line":66,"column":22},"end":{"line":68,"column":3}},"24":{"start":{"line":67,"column":4},"end":{"line":67,"column":19}},"25":{"start":{"line":69,"column":2},"end":{"line":71,"column":28}},"26":{"start":{"line":70,"column":4},"end":{"line":70,"column":37}},"27":{"start":{"line":72,"column":2},"end":{"line":148,"column":4}},"28":{"start":{"line":106,"column":18},"end":{"line":112,"column":20}},"29":{"start":{"line":108,"column":22},"end":{"line":108,"column":37}},"30":{"start":{"line":109,"column":22},"end":{"line":109,"column":36}},"31":{"start":{"line":110,"column":22},"end":{"line":110,"column":36}},"32":{"start":{"line":136,"column":16},"end":{"line":141,"column":18}},"33":{"start":{"line":138,"column":20},"end":{"line":138,"column":35}},"34":{"start":{"line":139,"column":20},"end":{"line":139,"column":34}}},"fnMap":{"0":{"name":"(anonymous_0)","decl":{"start":{"line":20,"column":20},"end":{"line":20,"column":21}},"loc":{"start":{"line":20,"column":45},"end":{"line":39,"column":1}},"line":20},"1":{"name":"(anonymous_1)","decl":{"start":{"line":29,"column":12},"end":{"line":29,"column":13}},"loc":{"start":{"line":29,"column":26},"end":{"line":34,"column":7}},"line":29},"2":{"name":"(anonymous_2)","decl":{"start":{"line":35,"column":12},"end":{"line":35,"column":13}},"loc":{"start":{"line":35,"column":22},"end":{"line":37,"column":7}},"line":35},"3":{"name":"Filter","decl":{"start":{"line":43,"column":24},"end":{"line":43,"column":30}},"loc":{"start":{"line":43,"column":33},"end":{"line":149,"column":1}},"line":43},"4":{"name":"(anonymous_4)","decl":{"start":{"line":63,"column":26},"end":{"line":63,"column":27}},"loc":{"start":{"line":63,"column":32},"end":{"line":65,"column":3}},"line":63},"5":{"name":"(anonymous_5)","decl":{"start":{"line":66,"column":22},"end":{"line":66,"column":23}},"loc":{"start":{"line":66,"column":28},"end":{"line":68,"column":3}},"line":66},"6":{"name":"(anonymous_6)","decl":{"start":{"line":69,"column":12},"end":{"line":69,"column":13}},"loc":{"start":{"line":69,"column":18},"end":{"line":71,"column":3}},"line":69},"7":{"name":"(anonymous_7)","decl":{"start":{"line":105,"column":26},"end":{"line":105,"column":27}},"loc":{"start":{"line":106,"column":18},"end":{"line":112,"column":20}},"line":106},"8":{"name":"(anonymous_8)","decl":{"start":{"line":107,"column":61},"end":{"line":107,"column":62}},"loc":{"start":{"line":107,"column":65},"end":{"line":111,"column":21}},"line":107},"9":{"name":"(anonymous_9)","decl":{"start":{"line":135,"column":24},"end":{"line":135,"column":25}},"loc":{"start":{"line":136,"column":16},"end":{"line":141,"column":18}},"line":136},"10":{"name":"(anonymous_10)","decl":{"start":{"line":137,"column":59},"end":{"line":137,"column":60}},"loc":{"start":{"line":137,"column":63},"end":{"line":140,"column":19}},"line":137}},"branchMap":{"0":{"loc":{"start":{"line":21,"column":2},"end":{"line":38,"column":3}},"type":"if","locations":[{"start":{"line":21,"column":2},"end":{"line":38,"column":3}},{"start":{},"end":{}}],"line":21},"1":{"loc":{"start":{"line":30,"column":8},"end":{"line":32,"column":9}},"type":"if","locations":[{"start":{"line":30,"column":8},"end":{"line":32,"column":9}},{"start":{},"end":{}}],"line":30},"2":{"loc":{"start":{"line":54,"column":2},"end":{"line":61,"column":3}},"type":"if","locations":[{"start":{"line":54,"column":2},"end":{"line":61,"column":3}},{"start":{},"end":{}}],"line":54},"3":{"loc":{"start":{"line":54,"column":6},"end":{"line":54,"column":27}},"type":"binary-expr","locations":[{"start":{"line":54,"column":6},"end":{"line":54,"column":13}},{"start":{"line":54,"column":17},"end":{"line":54,"column":27}}],"line":54},"4":{"loc":{"start":{"line":56,"column":6},"end":{"line":58,"column":7}},"type":"if","locations":[{"start":{"line":56,"column":6},"end":{"line":58,"column":7}},{"start":{},"end":{}}],"line":56},"5":{"loc":{"start":{"line":74,"column":7},"end":{"line":78,"column":22}},"type":"cond-expr","locations":[{"start":{"line":75,"column":8},"end":{"line":78,"column":17}},{"start":{"line":78,"column":20},"end":{"line":78,"column":22}}],"line":74},"6":{"loc":{"start":{"line":74,"column":7},"end":{"line":74,"column":48}},"type":"binary-expr","locations":[{"start":{"line":74,"column":7},"end":{"line":74,"column":14}},{"start":{"line":74,"column":18},"end":{"line":74,"column":22}},{"start":{"line":74,"column":26},"end":{"line":74,"column":48}}],"line":74},"7":{"loc":{"start":{"line":89,"column":9},"end":{"line":117,"column":25}},"type":"cond-expr","locations":[{"start":{"line":89,"column":52},"end":{"line":117,"column":20}},{"start":{"line":117,"column":23},"end":{"line":117,"column":25}}],"line":89},"8":{"loc":{"start":{"line":89,"column":9},"end":{"line":89,"column":50}},"type":"binary-expr","locations":[{"start":{"line":89,"column":9},"end":{"line":89,"column":16}},{"start":{"line":89,"column":20},"end":{"line":89,"column":24}},{"start":{"line":89,"column":28},"end":{"line":89,"column":50}}],"line":89},"9":{"loc":{"start":{"line":119,"column":7},"end":{"line":146,"column":23}},"type":"cond-expr","locations":[{"start":{"line":119,"column":50},"end":{"line":146,"column":18}},{"start":{"line":146,"column":21},"end":{"line":146,"column":23}}],"line":119},"10":{"loc":{"start":{"line":119,"column":7},"end":{"line":119,"column":48}},"type":"binary-expr","locations":[{"start":{"line":119,"column":7},"end":{"line":119,"column":14}},{"start":{"line":119,"column":18},"end":{"line":119,"column":22}},{"start":{"line":119,"column":26},"end":{"line":119,"column":48}}],"line":119}},"s":{"0":5,"1":0,"2":0,"3":0,"4":0,"5":0,"6":0,"7":0,"8":0,"9":0,"10":0,"11":0,"12":0,"13":0,"14":0,"15":0,"16":0,"17":0,"18":0,"19":0,"20":0,"21":0,"22":0,"23":0,"24":0,"25":0,"26":0,"27":0,"28":0,"29":0,"30":0,"31":0,"32":0,"33":0,"34":0},"f":{"0":0,"1":0,"2":0,"3":0,"4":0,"5":0,"6":0,"7":0,"8":0,"9":0,"10":0},"b":{"0":[0,0],"1":[0,0],"2":[0,0],"3":[0,0],"4":[0,0],"5":[0,0],"6":[0,0,0],"7":[0,0],"8":[0,0,0],"9":[0,0],"10":[0,0,0]},"_coverageSchema":"1a1c01bbd47fc00a2c39e90264f33305004495a9","hash":"b7b945b3cf56965ca149c16c376464ee63717f78"}
,"C:\\Users\\bradb\\Documents\\Schoolwork\\CSE 183\\webApp\\frontend\\src\\components\\ListGrid.js": {"path":"C:\\Users\\bradb\\Documents\\Schoolwork\\CSE 183\\webApp\\frontend\\src\\components\\ListGrid.js","statementMap":{"0":{"start":{"line":14,"column":22},"end":{"line":44,"column":1}},"1":{"start":{"line":16,"column":20},"end":{"line":16,"column":34}},"2":{"start":{"line":18,"column":2},"end":{"line":20,"column":3}},"3":{"start":{"line":19,"column":4},"end":{"line":19,"column":44}},"4":{"start":{"line":21,"column":2},"end":{"line":23,"column":3}},"5":{"start":{"line":22,"column":4},"end":{"line":22,"column":64}},"6":{"start":{"line":25,"column":2},"end":{"line":27,"column":3}},"7":{"start":{"line":26,"column":4},"end":{"line":26,"column":39}},"8":{"start":{"line":29,"column":2},"end":{"line":43,"column":5}},"9":{"start":{"line":36,"column":4},"end":{"line":38,"column":5}},"10":{"start":{"line":37,"column":6},"end":{"line":37,"column":21}},"11":{"start":{"line":39,"column":4},"end":{"line":39,"column":27}},"12":{"start":{"line":42,"column":4},"end":{"line":42,"column":22}},"13":{"start":{"line":50,"column":34},"end":{"line":50,"column":52}},"14":{"start":{"line":51,"column":20},"end":{"line":51,"column":47}},"15":{"start":{"line":52,"column":19},"end":{"line":52,"column":46}},"16":{"start":{"line":53,"column":20},"end":{"line":53,"column":47}},"17":{"start":{"line":54,"column":36},"end":{"line":54,"column":57}},"18":{"start":{"line":55,"column":30},"end":{"line":55,"column":47}},"19":{"start":{"line":56,"column":34},"end":{"line":56,"column":52}},"20":{"start":{"line":59,"column":20},"end":{"line":79,"column":3}},"21":{"start":{"line":61,"column":24},"end":{"line":61,"column":52}},"22":{"start":{"line":62,"column":4},"end":{"line":78,"column":9}},"23":{"start":{"line":69,"column":8},"end":{"line":71,"column":9}},"24":{"start":{"line":70,"column":10},"end":{"line":70,"column":25}},"25":{"start":{"line":72,"column":8},"end":{"line":72,"column":31}},"26":{"start":{"line":75,"column":8},"end":{"line":75,"column":27}},"27":{"start":{"line":76,"column":8},"end":{"line":76,"column":33}},"28":{"start":{"line":77,"column":8},"end":{"line":77,"column":31}},"29":{"start":{"line":81,"column":13},"end":{"line":81,"column":15}},"30":{"start":{"line":82,"column":19},"end":{"line":95,"column":3}},"31":{"start":{"line":83,"column":4},"end":{"line":83,"column":14}},"32":{"start":{"line":84,"column":4},"end":{"line":92,"column":5}},"33":{"start":{"line":84,"column":17},"end":{"line":84,"column":18}},"34":{"start":{"line":85,"column":6},"end":{"line":91,"column":17}},"35":{"start":{"line":86,"column":23},"end":{"line":86,"column":34}},"36":{"start":{"line":93,"column":4},"end":{"line":93,"column":22}},"37":{"start":{"line":94,"column":4},"end":{"line":94,"column":16}},"38":{"start":{"line":98,"column":2},"end":{"line":100,"column":33}},"39":{"start":{"line":99,"column":4},"end":{"line":99,"column":57}},"40":{"start":{"line":102,"column":2},"end":{"line":144,"column":4}},"41":{"start":{"line":113,"column":10},"end":{"line":140,"column":17}},"42":{"start":{"line":116,"column":16},"end":{"line":116,"column":38}},"43":{"start":{"line":117,"column":16},"end":{"line":117,"column":57}}},"fnMap":{"0":{"name":"(anonymous_0)","decl":{"start":{"line":14,"column":22},"end":{"line":14,"column":23}},"loc":{"start":{"line":14,"column":65},"end":{"line":44,"column":1}},"line":14},"1":{"name":"(anonymous_1)","decl":{"start":{"line":35,"column":8},"end":{"line":35,"column":9}},"loc":{"start":{"line":35,"column":22},"end":{"line":40,"column":3}},"line":35},"2":{"name":"(anonymous_2)","decl":{"start":{"line":41,"column":8},"end":{"line":41,"column":9}},"loc":{"start":{"line":41,"column":18},"end":{"line":43,"column":3}},"line":41},"3":{"name":"ListGrid","decl":{"start":{"line":49,"column":9},"end":{"line":49,"column":17}},"loc":{"start":{"line":49,"column":20},"end":{"line":145,"column":1}},"line":49},"4":{"name":"(anonymous_4)","decl":{"start":{"line":59,"column":20},"end":{"line":59,"column":21}},"loc":{"start":{"line":59,"column":33},"end":{"line":79,"column":3}},"line":59},"5":{"name":"(anonymous_5)","decl":{"start":{"line":68,"column":12},"end":{"line":68,"column":13}},"loc":{"start":{"line":68,"column":26},"end":{"line":73,"column":7}},"line":68},"6":{"name":"(anonymous_6)","decl":{"start":{"line":74,"column":12},"end":{"line":74,"column":13}},"loc":{"start":{"line":74,"column":22},"end":{"line":78,"column":7}},"line":74},"7":{"name":"(anonymous_7)","decl":{"start":{"line":82,"column":19},"end":{"line":82,"column":20}},"loc":{"start":{"line":82,"column":31},"end":{"line":95,"column":3}},"line":82},"8":{"name":"(anonymous_8)","decl":{"start":{"line":86,"column":17},"end":{"line":86,"column":18}},"loc":{"start":{"line":86,"column":23},"end":{"line":86,"column":34}},"line":86},"9":{"name":"(anonymous_9)","decl":{"start":{"line":98,"column":18},"end":{"line":98,"column":19}},"loc":{"start":{"line":98,"column":24},"end":{"line":100,"column":3}},"line":98},"10":{"name":"(anonymous_10)","decl":{"start":{"line":112,"column":22},"end":{"line":112,"column":23}},"loc":{"start":{"line":113,"column":10},"end":{"line":140,"column":17}},"line":113},"11":{"name":"(anonymous_11)","decl":{"start":{"line":115,"column":14},"end":{"line":115,"column":15}},"loc":{"start":{"line":115,"column":20},"end":{"line":118,"column":15}},"line":115}},"branchMap":{"0":{"loc":{"start":{"line":18,"column":2},"end":{"line":20,"column":3}},"type":"if","locations":[{"start":{"line":18,"column":2},"end":{"line":20,"column":3}},{"start":{},"end":{}}],"line":18},"1":{"loc":{"start":{"line":18,"column":6},"end":{"line":18,"column":25}},"type":"binary-expr","locations":[{"start":{"line":18,"column":6},"end":{"line":18,"column":13}},{"start":{"line":18,"column":17},"end":{"line":18,"column":25}}],"line":18},"2":{"loc":{"start":{"line":21,"column":2},"end":{"line":23,"column":3}},"type":"if","locations":[{"start":{"line":21,"column":2},"end":{"line":23,"column":3}},{"start":{},"end":{}}],"line":21},"3":{"loc":{"start":{"line":21,"column":6},"end":{"line":21,"column":24}},"type":"binary-expr","locations":[{"start":{"line":21,"column":6},"end":{"line":21,"column":13}},{"start":{"line":21,"column":17},"end":{"line":21,"column":24}}],"line":21},"4":{"loc":{"start":{"line":25,"column":2},"end":{"line":27,"column":3}},"type":"if","locations":[{"start":{"line":25,"column":2},"end":{"line":27,"column":3}},{"start":{},"end":{}}],"line":25},"5":{"loc":{"start":{"line":36,"column":4},"end":{"line":38,"column":5}},"type":"if","locations":[{"start":{"line":36,"column":4},"end":{"line":38,"column":5}},{"start":{},"end":{}}],"line":36},"6":{"loc":{"start":{"line":69,"column":8},"end":{"line":71,"column":9}},"type":"if","locations":[{"start":{"line":69,"column":8},"end":{"line":71,"column":9}},{"start":{},"end":{}}],"line":69},"7":{"loc":{"start":{"line":104,"column":7},"end":{"line":110,"column":39}},"type":"cond-expr","locations":[{"start":{"line":105,"column":6},"end":{"line":110,"column":32}},{"start":{"line":110,"column":35},"end":{"line":110,"column":39}}],"line":104}},"s":{"0":6,"1":8,"2":8,"3":4,"4":8,"5":1,"6":8,"7":2,"8":8,"9":8,"10":1,"11":7,"12":7,"13":27,"14":24,"15":24,"16":24,"17":24,"18":24,"19":24,"20":24,"21":5,"22":5,"23":5,"24":1,"25":4,"26":4,"27":4,"28":4,"29":24,"30":24,"31":5,"32":5,"33":5,"34":9,"35":1,"36":5,"37":5,"38":24,"39":8,"40":24,"41":16,"42":5,"43":5},"f":{"0":8,"1":8,"2":7,"3":27,"4":5,"5":5,"6":4,"7":5,"8":1,"9":8,"10":16,"11":5},"b":{"0":[4,4],"1":[8,5],"2":[1,7],"3":[8,5],"4":[2,6],"5":[1,7],"6":[1,4],"7":[4,20]},"_coverageSchema":"1a1c01bbd47fc00a2c39e90264f33305004495a9","hash":"1a223b0e03860955cc570a6bb68bb58d59673011"}
,"C:\\Users\\bradb\\Documents\\Schoolwork\\CSE 183\\webApp\\frontend\\src\\components\\ListViewer.js": {"path":"C:\\Users\\bradb\\Documents\\Schoolwork\\CSE 183\\webApp\\frontend\\src\\components\\ListViewer.js","statementMap":{"0":{"start":{"line":22,"column":36},"end":{"line":22,"column":62}},"1":{"start":{"line":23,"column":30},"end":{"line":23,"column":56}},"2":{"start":{"line":24,"column":34},"end":{"line":24,"column":60}},"3":{"start":{"line":25,"column":2},"end":{"line":25,"column":27}},"4":{"start":{"line":26,"column":2},"end":{"line":26,"column":23}},"5":{"start":{"line":27,"column":2},"end":{"line":27,"column":25}},"6":{"start":{"line":28,"column":25},"end":{"line":34,"column":3}},"7":{"start":{"line":29,"column":4},"end":{"line":33,"column":5}},"8":{"start":{"line":30,"column":6},"end":{"line":30,"column":27}},"9":{"start":{"line":32,"column":6},"end":{"line":32,"column":28}},"10":{"start":{"line":36,"column":26},"end":{"line":42,"column":3}},"11":{"start":{"line":37,"column":4},"end":{"line":41,"column":5}},"12":{"start":{"line":38,"column":6},"end":{"line":38,"column":18}},"13":{"start":{"line":40,"column":6},"end":{"line":40,"column":28}},"14":{"start":{"line":44,"column":2},"end":{"line":102,"column":4}},"15":{"start":{"line":56,"column":41},"end":{"line":57,"column":52}},"16":{"start":{"line":64,"column":41},"end":{"line":65,"column":52}},"17":{"start":{"line":94,"column":12},"end":{"line":94,"column":24}},"18":{"start":{"line":94,"column":25},"end":{"line":94,"column":45}}},"fnMap":{"0":{"name":"ListViewer","decl":{"start":{"line":19,"column":9},"end":{"line":19,"column":19}},"loc":{"start":{"line":19,"column":22},"end":{"line":103,"column":1}},"line":19},"1":{"name":"(anonymous_1)","decl":{"start":{"line":28,"column":25},"end":{"line":28,"column":26}},"loc":{"start":{"line":28,"column":37},"end":{"line":34,"column":3}},"line":28},"2":{"name":"(anonymous_2)","decl":{"start":{"line":36,"column":26},"end":{"line":36,"column":27}},"loc":{"start":{"line":36,"column":38},"end":{"line":42,"column":3}},"line":36},"3":{"name":"(anonymous_3)","decl":{"start":{"line":56,"column":35},"end":{"line":56,"column":36}},"loc":{"start":{"line":56,"column":41},"end":{"line":57,"column":52}},"line":56},"4":{"name":"(anonymous_4)","decl":{"start":{"line":64,"column":35},"end":{"line":64,"column":36}},"loc":{"start":{"line":64,"column":41},"end":{"line":65,"column":52}},"line":64},"5":{"name":"(anonymous_5)","decl":{"start":{"line":93,"column":10},"end":{"line":93,"column":11}},"loc":{"start":{"line":93,"column":15},"end":{"line":95,"column":11}},"line":93}},"branchMap":{"0":{"loc":{"start":{"line":29,"column":4},"end":{"line":33,"column":5}},"type":"if","locations":[{"start":{"line":29,"column":4},"end":{"line":33,"column":5}},{"start":{"line":31,"column":11},"end":{"line":33,"column":5}}],"line":29},"1":{"loc":{"start":{"line":37,"column":4},"end":{"line":41,"column":5}},"type":"if","locations":[{"start":{"line":37,"column":4},"end":{"line":41,"column":5}},{"start":{"line":39,"column":11},"end":{"line":41,"column":5}}],"line":37},"2":{"loc":{"start":{"line":54,"column":13},"end":{"line":71,"column":18}},"type":"binary-expr","locations":[{"start":{"line":54,"column":13},"end":{"line":54,"column":52}},{"start":{"line":55,"column":12},"end":{"line":71,"column":18}}],"line":54}},"s":{"0":4,"1":4,"2":4,"3":4,"4":4,"5":4,"6":4,"7":0,"8":0,"9":0,"10":4,"11":0,"12":0,"13":0,"14":4,"15":0,"16":0,"17":0,"18":0},"f":{"0":4,"1":0,"2":0,"3":0,"4":0,"5":0},"b":{"0":[0,0],"1":[0,0],"2":[4,2]},"_coverageSchema":"1a1c01bbd47fc00a2c39e90264f33305004495a9","hash":"a07a61eb5f6c4423902575419dc19ec80e3786d3"}
,"C:\\Users\\bradb\\Documents\\Schoolwork\\CSE 183\\webApp\\frontend\\src\\components\\ListingContext.js": {"path":"C:\\Users\\bradb\\Documents\\Schoolwork\\CSE 183\\webApp\\frontend\\src\\components\\ListingContext.js","statementMap":{"0":{"start":{"line":3,"column":23},"end":{"line":3,"column":44}}},"fnMap":{},"branchMap":{},"s":{"0":6},"f":{},"b":{},"_coverageSchema":"1a1c01bbd47fc00a2c39e90264f33305004495a9","hash":"1426a6f5d8ab08e8c95b2244bf625866f5102d5b"}
,"C:\\Users\\bradb\\Documents\\Schoolwork\\CSE 183\\webApp\\frontend\\src\\components\\Login.js": {"path":"C:\\Users\\bradb\\Documents\\Schoolwork\\CSE 183\\webApp\\frontend\\src\\components\\Login.js","statementMap":{"0":{"start":{"line":17,"column":26},"end":{"line":17,"column":67}},"1":{"start":{"line":18,"column":18},"end":{"line":18,"column":30}},"2":{"start":{"line":20,"column":28},"end":{"line":27,"column":3}},"3":{"start":{"line":21,"column":26},"end":{"line":21,"column":38}},"4":{"start":{"line":23,"column":14},"end":{"line":23,"column":18}},"5":{"start":{"line":25,"column":4},"end":{"line":25,"column":20}},"6":{"start":{"line":26,"column":4},"end":{"line":26,"column":15}},"7":{"start":{"line":30,"column":19},"end":{"line":54,"column":3}},"8":{"start":{"line":31,"column":4},"end":{"line":31,"column":27}},"9":{"start":{"line":33,"column":4},"end":{"line":53,"column":9}},"10":{"start":{"line":41,"column":8},"end":{"line":43,"column":9}},"11":{"start":{"line":42,"column":10},"end":{"line":42,"column":20}},"12":{"start":{"line":44,"column":8},"end":{"line":44,"column":26}},"13":{"start":{"line":47,"column":8},"end":{"line":47,"column":61}},"14":{"start":{"line":48,"column":8},"end":{"line":48,"column":26}},"15":{"start":{"line":51,"column":8},"end":{"line":51,"column":25}},"16":{"start":{"line":52,"column":8},"end":{"line":52,"column":52}},"17":{"start":{"line":55,"column":2},"end":{"line":99,"column":4}},"18":{"start":{"line":60,"column":61},"end":{"line":60,"column":78}}},"fnMap":{"0":{"name":"Login","decl":{"start":{"line":16,"column":9},"end":{"line":16,"column":14}},"loc":{"start":{"line":16,"column":17},"end":{"line":100,"column":1}},"line":16},"1":{"name":"(anonymous_1)","decl":{"start":{"line":20,"column":28},"end":{"line":20,"column":29}},"loc":{"start":{"line":20,"column":39},"end":{"line":27,"column":3}},"line":20},"2":{"name":"(anonymous_2)","decl":{"start":{"line":30,"column":19},"end":{"line":30,"column":20}},"loc":{"start":{"line":30,"column":30},"end":{"line":54,"column":3}},"line":30},"3":{"name":"(anonymous_3)","decl":{"start":{"line":40,"column":12},"end":{"line":40,"column":13}},"loc":{"start":{"line":40,"column":21},"end":{"line":45,"column":7}},"line":40},"4":{"name":"(anonymous_4)","decl":{"start":{"line":46,"column":12},"end":{"line":46,"column":13}},"loc":{"start":{"line":46,"column":22},"end":{"line":49,"column":7}},"line":46},"5":{"name":"(anonymous_5)","decl":{"start":{"line":50,"column":13},"end":{"line":50,"column":14}},"loc":{"start":{"line":50,"column":22},"end":{"line":53,"column":7}},"line":50},"6":{"name":"(anonymous_6)","decl":{"start":{"line":60,"column":57},"end":{"line":60,"column":58}},"loc":{"start":{"line":60,"column":61},"end":{"line":60,"column":78}},"line":60}},"branchMap":{"0":{"loc":{"start":{"line":41,"column":8},"end":{"line":43,"column":9}},"type":"if","locations":[{"start":{"line":41,"column":8},"end":{"line":43,"column":9}},{"start":{},"end":{}}],"line":41}},"s":{"0":0,"1":0,"2":0,"3":0,"4":0,"5":0,"6":0,"7":0,"8":0,"9":0,"10":0,"11":0,"12":0,"13":0,"14":0,"15":0,"16":0,"17":0,"18":0},"f":{"0":0,"1":0,"2":0,"3":0,"4":0,"5":0,"6":0},"b":{"0":[0,0]},"_coverageSchema":"1a1c01bbd47fc00a2c39e90264f33305004495a9","hash":"a62726933b74b99d657ab80dd73d8f563b5826ce"}
,"C:\\Users\\bradb\\Documents\\Schoolwork\\CSE 183\\webApp\\frontend\\src\\components\\NewAccount.js": {"path":"C:\\Users\\bradb\\Documents\\Schoolwork\\CSE 183\\webApp\\frontend\\src\\components\\NewAccount.js","statementMap":{"0":{"start":{"line":17,"column":18},"end":{"line":17,"column":30}},"1":{"start":{"line":43,"column":2},"end":{"line":87,"column":4}},"2":{"start":{"line":48,"column":61},"end":{"line":48,"column":78}}},"fnMap":{"0":{"name":"NewAccount","decl":{"start":{"line":16,"column":9},"end":{"line":16,"column":19}},"loc":{"start":{"line":16,"column":22},"end":{"line":88,"column":1}},"line":16},"1":{"name":"(anonymous_1)","decl":{"start":{"line":48,"column":57},"end":{"line":48,"column":58}},"loc":{"start":{"line":48,"column":61},"end":{"line":48,"column":78}},"line":48}},"branchMap":{},"s":{"0":0,"1":0,"2":0},"f":{"0":0,"1":0},"b":{},"_coverageSchema":"1a1c01bbd47fc00a2c39e90264f33305004495a9","hash":"613a63bdeefa110b3d977dc601feaf7801592010"}
,"C:\\Users\\bradb\\Documents\\Schoolwork\\CSE 183\\webApp\\frontend\\src\\components\\Search.js": {"path":"C:\\Users\\bradb\\Documents\\Schoolwork\\CSE 183\\webApp\\frontend\\src\\components\\Search.js","statementMap":{"0":{"start":{"line":15,"column":24},"end":{"line":15,"column":51}},"1":{"start":{"line":16,"column":22},"end":{"line":16,"column":49}},"2":{"start":{"line":17,"column":19},"end":{"line":17,"column":46}},"3":{"start":{"line":18,"column":22},"end":{"line":18,"column":49}},"4":{"start":{"line":19,"column":28},"end":{"line":19,"column":40}},"5":{"start":{"line":20,"column":23},"end":{"line":22,"column":3}},"6":{"start":{"line":21,"column":4},"end":{"line":21,"column":29}},"7":{"start":{"line":23,"column":24},"end":{"line":28,"column":3}},"8":{"start":{"line":24,"column":4},"end":{"line":24,"column":22}},"9":{"start":{"line":25,"column":4},"end":{"line":25,"column":27}},"10":{"start":{"line":26,"column":4},"end":{"line":26,"column":25}},"11":{"start":{"line":27,"column":4},"end":{"line":27,"column":17}},"12":{"start":{"line":29,"column":2},"end":{"line":42,"column":12}},"13":{"start":{"line":38,"column":25},"end":{"line":38,"column":45}}},"fnMap":{"0":{"name":"Search","decl":{"start":{"line":14,"column":24},"end":{"line":14,"column":30}},"loc":{"start":{"line":14,"column":33},"end":{"line":43,"column":1}},"line":14},"1":{"name":"(anonymous_1)","decl":{"start":{"line":20,"column":23},"end":{"line":20,"column":24}},"loc":{"start":{"line":20,"column":30},"end":{"line":22,"column":3}},"line":20},"2":{"name":"(anonymous_2)","decl":{"start":{"line":23,"column":24},"end":{"line":23,"column":25}},"loc":{"start":{"line":23,"column":31},"end":{"line":28,"column":3}},"line":23},"3":{"name":"(anonymous_3)","decl":{"start":{"line":38,"column":21},"end":{"line":38,"column":22}},"loc":{"start":{"line":38,"column":25},"end":{"line":38,"column":45}},"line":38}},"branchMap":{},"s":{"0":0,"1":0,"2":0,"3":0,"4":0,"5":0,"6":0,"7":0,"8":0,"9":0,"10":0,"11":0,"12":0,"13":0},"f":{"0":0,"1":0,"2":0,"3":0},"b":{},"_coverageSchema":"1a1c01bbd47fc00a2c39e90264f33305004495a9","hash":"6e34069065de3e1f58e371ea6eed80b74ba388d8"}
,"C:\\Users\\bradb\\Documents\\Schoolwork\\CSE 183\\webApp\\frontend\\src\\components\\TopBar.js": {"path":"C:\\Users\\bradb\\Documents\\Schoolwork\\CSE 183\\webApp\\frontend\\src\\components\\TopBar.js","statementMap":{"0":{"start":{"line":16,"column":15},"end":{"line":16,"column":45}},"1":{"start":{"line":18,"column":32},"end":{"line":18,"column":66}},"2":{"start":{"line":21,"column":4},"end":{"line":30,"column":11}},"3":{"start":{"line":33,"column":17},"end":{"line":36,"column":3}},"4":{"start":{"line":34,"column":4},"end":{"line":34,"column":38}},"5":{"start":{"line":35,"column":4},"end":{"line":35,"column":22}},"6":{"start":{"line":38,"column":23},"end":{"line":38,"column":50}},"7":{"start":{"line":39,"column":2},"end":{"line":65,"column":4}}},"fnMap":{"0":{"name":"TopBar","decl":{"start":{"line":14,"column":9},"end":{"line":14,"column":15}},"loc":{"start":{"line":14,"column":18},"end":{"line":66,"column":1}},"line":14},"1":{"name":"(anonymous_1)","decl":{"start":{"line":33,"column":17},"end":{"line":33,"column":18}},"loc":{"start":{"line":33,"column":23},"end":{"line":36,"column":3}},"line":33}},"branchMap":{"0":{"loc":{"start":{"line":18,"column":47},"end":{"line":18,"column":65}},"type":"cond-expr","locations":[{"start":{"line":18,"column":54},"end":{"line":18,"column":58}},{"start":{"line":18,"column":60},"end":{"line":18,"column":65}}],"line":18},"1":{"loc":{"start":{"line":48,"column":13},"end":{"line":48,"column":54}},"type":"cond-expr","locations":[{"start":{"line":48,"column":38},"end":{"line":48,"column":48}},{"start":{"line":48,"column":50},"end":{"line":48,"column":54}}],"line":48},"2":{"loc":{"start":{"line":50,"column":11},"end":{"line":60,"column":21}},"type":"cond-expr","locations":[{"start":{"line":51,"column":12},"end":{"line":55,"column":21}},{"start":{"line":56,"column":12},"end":{"line":60,"column":21}}],"line":50}},"s":{"0":0,"1":0,"2":0,"3":0,"4":0,"5":0,"6":0,"7":0},"f":{"0":0,"1":0},"b":{"0":[0,0],"1":[0,0],"2":[0,0]},"_coverageSchema":"1a1c01bbd47fc00a2c39e90264f33305004495a9","hash":"5fd35af9c888faad7c3442ee298e03d2ff56f321"}
}
