TN:
SF:src\components\App.js
FN:20,App
FN:31,(anonymous_1)
FN:36,(anonymous_2)
FN:37,(anonymous_3)
FN:41,(anonymous_4)
FNF:5
FNH:0
FNDA:0,App
FNDA:0,(anonymous_1)
FNDA:0,(anonymous_2)
FNDA:0,(anonymous_3)
FNDA:0,(anonymous_4)
DA:22,0
DA:23,0
DA:24,0
DA:25,0
DA:26,0
DA:27,0
DA:29,0
DA:31,0
DA:35,0
DA:36,0
DA:37,0
DA:38,0
DA:40,0
DA:41,0
DA:42,0
DA:46,0
LF:16
LH:0
BRDA:56,0,0,0
BRDA:56,0,1,0
BRDA:57,1,0,0
BRDA:57,1,1,0
BRDA:59,2,0,0
BRDA:59,2,1,0
BRDA:61,3,0,0
BRDA:61,3,1,0
BRDA:62,4,0,0
BRDA:62,4,1,0
BRF:10
BRH:0
end_of_record
TN:
SF:src\components\BreadCrumbs.js
FN:10,CustomSeparator
FN:22,(anonymous_1)
FN:35,(anonymous_2)
FNF:3
FNH:0
FNDA:0,CustomSeparator
FNDA:0,(anonymous_1)
FNDA:0,(anonymous_2)
DA:11,0
DA:12,0
DA:13,0
DA:14,0
DA:15,0
DA:16,0
DA:23,0
DA:24,0
DA:25,0
DA:26,0
DA:36,0
DA:37,0
LF:12
LH:0
BRDA:20,0,0,0
BRDA:20,0,1,0
BRDA:20,1,0,0
BRDA:20,1,1,0
BRDA:31,2,0,0
BRDA:31,2,1,0
BRDA:42,3,0,0
BRDA:42,3,1,0
BRF:8
BRH:0
end_of_record
TN:
SF:src\components\Category.js
FN:18,(anonymous_0)
FN:28,(anonymous_1)
FN:36,(anonymous_2)
FN:43,(anonymous_3)
FN:53,(anonymous_4)
FN:61,(anonymous_5)
FN:69,Category
FN:85,(anonymous_7)
FN:88,(anonymous_8)
FN:91,(anonymous_9)
FN:94,(anonymous_10)
FN:97,(anonymous_11)
FN:106,(anonymous_12)
FN:112,(anonymous_13)
FN:124,(anonymous_14)
FN:141,(anonymous_15)
FN:145,(anonymous_16)
FNF:17
FNH:0
FNDA:0,(anonymous_0)
FNDA:0,(anonymous_1)
FNDA:0,(anonymous_2)
FNDA:0,(anonymous_3)
FNDA:0,(anonymous_4)
FNDA:0,(anonymous_5)
FNDA:0,Category
FNDA:0,(anonymous_7)
FNDA:0,(anonymous_8)
FNDA:0,(anonymous_9)
FNDA:0,(anonymous_10)
FNDA:0,(anonymous_11)
FNDA:0,(anonymous_12)
FNDA:0,(anonymous_13)
FNDA:0,(anonymous_14)
FNDA:0,(anonymous_15)
FNDA:0,(anonymous_16)
DA:18,5
DA:19,0
DA:20,0
DA:22,0
DA:29,0
DA:30,0
DA:31,0
DA:32,0
DA:34,0
DA:37,0
DA:38,0
DA:39,0
DA:43,5
DA:44,0
DA:45,0
DA:47,0
DA:54,0
DA:55,0
DA:56,0
DA:57,0
DA:59,0
DA:62,0
DA:70,0
DA:71,0
DA:73,0
DA:75,0
DA:77,0
DA:79,0
DA:81,0
DA:83,0
DA:85,0
DA:86,0
DA:88,0
DA:89,0
DA:91,0
DA:92,0
DA:94,0
DA:95,0
DA:97,0
DA:98,0
DA:100,0
DA:107,0
DA:113,0
DA:114,0
DA:124,0
DA:142,0
DA:146,0
DA:147,0
DA:148,0
DA:149,0
DA:150,0
LF:51
LH:2
BRDA:19,0,0,0
BRDA:19,0,1,0
BRDA:31,1,0,0
BRDA:31,1,1,0
BRDA:44,2,0,0
BRDA:44,2,1,0
BRDA:56,3,0,0
BRDA:56,3,1,0
BRDA:104,4,0,0
BRDA:104,4,1,0
BRDA:120,5,0,0
BRDA:120,5,1,0
BRDA:129,6,0,0
BRDA:129,6,1,0
BRF:14
BRH:0
end_of_record
TN:
SF:src\components\CategoryContext.js
FNF:0
FNH:0
DA:3,6
LF:1
LH:1
BRF:0
BRH:0
end_of_record
TN:
SF:src\components\CreateListing.js
FN:24,CreateListing
FN:158,(anonymous_1)
FN:226,(anonymous_2)
FN:243,(anonymous_3)
FN:365,(anonymous_4)
FNF:5
FNH:0
FNDA:0,CreateListing
FNDA:0,(anonymous_1)
FNDA:0,(anonymous_2)
FNDA:0,(anonymous_3)
FNDA:0,(anonymous_4)
DA:25,0
DA:26,0
DA:158,0
DA:159,0
DA:162,0
DA:163,0
DA:167,0
DA:168,0
DA:169,0
DA:170,0
DA:171,0
DA:172,0
DA:173,0
DA:175,0
DA:177,0
DA:179,0
DA:226,0
DA:227,0
DA:228,0
DA:237,0
DA:243,0
DA:365,0
LF:22
LH:0
BRDA:163,0,0,0
BRDA:163,0,1,0
BRDA:163,1,0,0
BRDA:163,1,1,0
BRDA:163,1,2,0
BRDA:163,1,3,0
BRDA:168,2,0,0
BRDA:168,2,1,0
BRF:8
BRH:0
end_of_record
TN:
SF:src\components\CreateListingContext.js
FNF:0
FNH:0
DA:3,0
LF:1
LH:0
BRF:0
BRH:0
end_of_record
TN:
SF:src\components\Drawer.js
FN:20,PermanentDrawerLeft
FN:75,(anonymous_1)
FN:79,(anonymous_2)
FNF:3
FNH:0
FNDA:0,PermanentDrawerLeft
FNDA:0,(anonymous_1)
FNDA:0,(anonymous_2)
DA:16,5
DA:21,0
DA:22,0
DA:23,0
DA:24,0
DA:25,0
DA:26,0
DA:27,0
DA:28,0
DA:76,0
DA:80,0
DA:81,0
DA:82,0
DA:83,0
LF:14
LH:1
BRDA:46,0,0,0
BRDA:46,0,1,0
BRDA:53,1,0,0
BRDA:53,1,1,0
BRDA:61,2,0,0
BRDA:61,2,1,0
BRDA:62,3,0,0
BRDA:62,3,1,0
BRF:8
BRH:0
end_of_record
TN:
SF:src\components\Dummy.js
FN:8,getDummy
FN:11,(anonymous_1)
FN:17,(anonymous_2)
FN:20,(anonymous_3)
FN:30,Dummy
FN:38,(anonymous_5)
FNF:6
FNH:0
FNDA:0,getDummy
FNDA:0,(anonymous_1)
FNDA:0,(anonymous_2)
FNDA:0,(anonymous_3)
FNDA:0,Dummy
FNDA:0,(anonymous_5)
DA:10,0
DA:12,0
DA:13,0
DA:15,0
DA:18,0
DA:21,0
DA:31,0
DA:32,0
DA:39,0
LF:9
LH:0
BRDA:12,0,0,0
BRDA:12,0,1,0
BRF:2
BRH:0
end_of_record
TN:
SF:src\components\Filter.js
FN:20,(anonymous_0)
FN:29,(anonymous_1)
FN:35,(anonymous_2)
FN:43,Filter
FN:63,(anonymous_4)
FN:66,(anonymous_5)
FN:69,(anonymous_6)
FN:105,(anonymous_7)
FN:107,(anonymous_8)
FN:135,(anonymous_9)
FN:137,(anonymous_10)
FNF:11
FNH:0
FNDA:0,(anonymous_0)
FNDA:0,(anonymous_1)
FNDA:0,(anonymous_2)
FNDA:0,Filter
FNDA:0,(anonymous_4)
FNDA:0,(anonymous_5)
FNDA:0,(anonymous_6)
FNDA:0,(anonymous_7)
FNDA:0,(anonymous_8)
FNDA:0,(anonymous_9)
FNDA:0,(anonymous_10)
DA:20,5
DA:21,0
DA:23,0
DA:30,0
DA:31,0
DA:33,0
DA:36,0
DA:44,0
DA:45,0
DA:46,0
DA:48,0
DA:50,0
DA:51,0
DA:52,0
DA:53,0
DA:54,0
DA:55,0
DA:56,0
DA:57,0
DA:60,0
DA:62,0
DA:63,0
DA:64,0
DA:66,0
DA:67,0
DA:69,0
DA:70,0
DA:72,0
DA:106,0
DA:108,0
DA:109,0
DA:110,0
DA:136,0
DA:138,0
DA:139,0
LF:35
LH:1
BRDA:21,0,0,0
BRDA:21,0,1,0
BRDA:30,1,0,0
BRDA:30,1,1,0
BRDA:54,2,0,0
BRDA:54,2,1,0
BRDA:54,3,0,0
BRDA:54,3,1,0
BRDA:56,4,0,0
BRDA:56,4,1,0
BRDA:74,5,0,0
BRDA:74,5,1,0
BRDA:74,6,0,0
BRDA:74,6,1,0
BRDA:74,6,2,0
BRDA:89,7,0,0
BRDA:89,7,1,0
BRDA:89,8,0,0
BRDA:89,8,1,0
BRDA:89,8,2,0
BRDA:119,9,0,0
BRDA:119,9,1,0
BRDA:119,10,0,0
BRDA:119,10,1,0
BRDA:119,10,2,0
BRF:25
BRH:0
end_of_record
TN:
SF:src\components\ListGrid.js
FN:14,(anonymous_0)
FN:35,(anonymous_1)
FN:41,(anonymous_2)
FN:49,ListGrid
FN:59,(anonymous_4)
FN:68,(anonymous_5)
FN:74,(anonymous_6)
FN:82,(anonymous_7)
FN:86,(anonymous_8)
FN:98,(anonymous_9)
FN:112,(anonymous_10)
FN:115,(anonymous_11)
FNF:12
FNH:12
FNDA:8,(anonymous_0)
FNDA:8,(anonymous_1)
FNDA:7,(anonymous_2)
FNDA:27,ListGrid
FNDA:5,(anonymous_4)
FNDA:5,(anonymous_5)
FNDA:4,(anonymous_6)
FNDA:5,(anonymous_7)
FNDA:1,(anonymous_8)
FNDA:8,(anonymous_9)
FNDA:16,(anonymous_10)
FNDA:5,(anonymous_11)
DA:14,6
DA:16,8
DA:18,8
DA:19,4
DA:21,8
DA:22,1
DA:25,8
DA:26,2
DA:29,8
DA:36,8
DA:37,1
DA:39,7
DA:42,7
DA:50,27
DA:51,24
DA:52,24
DA:53,24
DA:54,24
DA:55,24
DA:56,24
DA:59,24
DA:61,5
DA:62,5
DA:69,5
DA:70,1
DA:72,4
DA:75,4
DA:76,4
DA:77,4
DA:81,24
DA:82,24
DA:83,5
DA:84,5
DA:85,9
DA:86,1
DA:93,5
DA:94,5
DA:98,24
DA:99,8
DA:102,24
DA:113,16
DA:116,5
DA:117,5
LF:43
LH:43
BRDA:18,0,0,4
BRDA:18,0,1,4
BRDA:18,1,0,8
BRDA:18,1,1,5
BRDA:21,2,0,1
BRDA:21,2,1,7
BRDA:21,3,0,8
BRDA:21,3,1,5
BRDA:25,4,0,2
BRDA:25,4,1,6
BRDA:36,5,0,1
BRDA:36,5,1,7
BRDA:69,6,0,1
BRDA:69,6,1,4
BRDA:104,7,0,4
BRDA:104,7,1,20
BRF:16
BRH:16
end_of_record
TN:
SF:src\components\ListViewer.js
FN:19,ListViewer
FN:28,(anonymous_1)
FN:36,(anonymous_2)
FN:56,(anonymous_3)
FN:64,(anonymous_4)
FN:93,(anonymous_5)
FNF:6
FNH:1
FNDA:4,ListViewer
FNDA:0,(anonymous_1)
FNDA:0,(anonymous_2)
FNDA:0,(anonymous_3)
FNDA:0,(anonymous_4)
FNDA:0,(anonymous_5)
DA:22,4
DA:23,4
DA:24,4
DA:25,4
DA:26,4
DA:27,4
DA:28,4
DA:29,0
DA:30,0
DA:32,0
DA:36,4
DA:37,0
DA:38,0
DA:40,0
DA:44,4
DA:56,0
DA:64,0
DA:94,0
LF:18
LH:9
BRDA:29,0,0,0
BRDA:29,0,1,0
BRDA:37,1,0,0
BRDA:37,1,1,0
BRDA:54,2,0,4
BRDA:54,2,1,2
BRF:6
BRH:2
end_of_record
TN:
SF:src\components\ListingContext.js
FNF:0
FNH:0
DA:3,6
LF:1
LH:1
BRF:0
BRH:0
end_of_record
TN:
SF:src\components\Login.js
FN:16,Login
FN:20,(anonymous_1)
FN:30,(anonymous_2)
FN:40,(anonymous_3)
FN:46,(anonymous_4)
FN:50,(anonymous_5)
FN:60,(anonymous_6)
FNF:7
FNH:0
FNDA:0,Login
FNDA:0,(anonymous_1)
FNDA:0,(anonymous_2)
FNDA:0,(anonymous_3)
FNDA:0,(anonymous_4)
FNDA:0,(anonymous_5)
FNDA:0,(anonymous_6)
DA:17,0
DA:18,0
DA:20,0
DA:21,0
DA:23,0
DA:25,0
DA:26,0
DA:30,0
DA:31,0
DA:33,0
DA:41,0
DA:42,0
DA:44,0
DA:47,0
DA:48,0
DA:51,0
DA:52,0
DA:55,0
DA:60,0
LF:19
LH:0
BRDA:41,0,0,0
BRDA:41,0,1,0
BRF:2
BRH:0
end_of_record
TN:
SF:src\components\NewAccount.js
FN:16,NewAccount
FN:48,(anonymous_1)
FNF:2
FNH:0
FNDA:0,NewAccount
FNDA:0,(anonymous_1)
DA:17,0
DA:43,0
DA:48,0
LF:3
LH:0
BRF:0
BRH:0
end_of_record
TN:
SF:src\components\Search.js
FN:14,Search
FN:20,(anonymous_1)
FN:23,(anonymous_2)
FN:38,(anonymous_3)
FNF:4
FNH:0
FNDA:0,Search
FNDA:0,(anonymous_1)
FNDA:0,(anonymous_2)
FNDA:0,(anonymous_3)
DA:15,0
DA:16,0
DA:17,0
DA:18,0
DA:19,0
DA:20,0
DA:21,0
DA:23,0
DA:24,0
DA:25,0
DA:26,0
DA:27,0
DA:29,0
DA:38,0
LF:14
LH:0
BRF:0
BRH:0
end_of_record
TN:
SF:src\components\TopBar.js
FN:14,TopBar
FN:33,(anonymous_1)
FNF:2
FNH:0
FNDA:0,TopBar
FNDA:0,(anonymous_1)
DA:16,0
DA:18,0
DA:21,0
DA:33,0
DA:34,0
DA:35,0
DA:38,0
DA:39,0
LF:8
LH:0
BRDA:18,0,0,0
BRDA:18,0,1,0
BRDA:48,1,0,0
BRDA:48,1,1,0
BRDA:50,2,0,0
BRDA:50,2,1,0
BRF:6
BRH:0
end_of_record
